[2018-10-23 16:41:33] Executing startup tasks
[2018-10-23 16:41:34] Java(TM) SE Runtime Environment 1.8.0_181-b13
[2018-10-23 16:41:34] Product self.product.version
[2018-10-23 16:41:34] Bundle org.eclipse.oomph.setup 1.7.0.v20170224-1311, build=2932, branch=cc66c993507ade50e4b3a824a3adb4e94c4ac25f
[2018-10-23 16:41:34] Bundle org.eclipse.oomph.setup.core 1.7.0.v20170301-0747, build=2932, branch=cc66c993507ade50e4b3a824a3adb4e94c4ac25f
[2018-10-23 16:41:34] Bundle org.eclipse.oomph.setup.p2 1.7.0.v20170217-1051, build=2932, branch=cc66c993507ade50e4b3a824a3adb4e94c4ac25f
[2018-10-23 16:41:34] Performing Preference /instance/org.eclipse.jdt.core/org.eclipse.jdt.core.classpathVariable.SWT_LIB = /Users/krishnatejaayinala/workspaces/org.eclipse.swt.cocoa.macosx.x86_64-4.3.jar
[2018-10-23 16:41:34] 
[2018-10-23 17:03:48] Executing startup tasks
[2018-10-23 17:03:48] Java(TM) SE Runtime Environment 1.8.0_181-b13
[2018-10-23 17:03:48] Product self.product.version
[2018-10-23 17:03:48] Bundle org.eclipse.oomph.setup 1.7.0.v20170224-1311, build=2932, branch=cc66c993507ade50e4b3a824a3adb4e94c4ac25f
[2018-10-23 17:03:48] Bundle org.eclipse.oomph.setup.core 1.7.0.v20170301-0747, build=2932, branch=cc66c993507ade50e4b3a824a3adb4e94c4ac25f
[2018-10-23 17:03:48] Bundle org.eclipse.oomph.setup.p2 1.7.0.v20170217-1051, build=2932, branch=cc66c993507ade50e4b3a824a3adb4e94c4ac25f
[2018-10-23 17:03:48] Performing Preference /instance/org.eclipse.jdt.core/org.eclipse.jdt.core.classpathVariable.SWT_LIB = /Users/krishnatejaayinala/workspaces/org.eclipse.swt.cocoa.macosx.x86_64-4.3.jar
[2018-10-23 17:03:48] 
[2018-10-25 16:10:21] Executing startup tasks
[2018-10-25 16:10:21] Java(TM) SE Runtime Environment 1.8.0_181-b13
[2018-10-25 16:10:21] Product self.product.version
[2018-10-25 16:10:21] Bundle org.eclipse.oomph.setup 1.7.0.v20170224-1311, build=2932, branch=cc66c993507ade50e4b3a824a3adb4e94c4ac25f
[2018-10-25 16:10:21] Bundle org.eclipse.oomph.setup.core 1.7.0.v20170301-0747, build=2932, branch=cc66c993507ade50e4b3a824a3adb4e94c4ac25f
[2018-10-25 16:10:21] Bundle org.eclipse.oomph.setup.p2 1.7.0.v20170217-1051, build=2932, branch=cc66c993507ade50e4b3a824a3adb4e94c4ac25f
[2018-10-25 16:10:21] Performing Preference /instance/org.eclipse.jdt.core/org.eclipse.jdt.core.classpathVariable.SWT_LIB = /Users/krishnatejaayinala/workspaces/org.eclipse.swt.cocoa.macosx.x86_64-4.3.jar
[2018-10-25 16:10:21] 
[2018-10-25 17:06:22] Executing startup tasks
[2018-10-25 17:06:22] Java(TM) SE Runtime Environment 1.8.0_181-b13
[2018-10-25 17:06:22] Product self.product.version
[2018-10-25 17:06:22] Bundle org.eclipse.oomph.setup 1.7.0.v20170224-1311, build=2932, branch=cc66c993507ade50e4b3a824a3adb4e94c4ac25f
[2018-10-25 17:06:22] Bundle org.eclipse.oomph.setup.core 1.7.0.v20170301-0747, build=2932, branch=cc66c993507ade50e4b3a824a3adb4e94c4ac25f
[2018-10-25 17:06:22] Bundle org.eclipse.oomph.setup.p2 1.7.0.v20170217-1051, build=2932, branch=cc66c993507ade50e4b3a824a3adb4e94c4ac25f
[2018-10-25 17:06:22] Performing Preference /instance/org.eclipse.jdt.core/org.eclipse.jdt.core.classpathVariable.SWT_LIB = /Users/krishnatejaayinala/workspaces/org.eclipse.swt.cocoa.macosx.x86_64-4.3.jar
[2018-10-25 17:06:22] 
